<?xml version="1.0" encoding="UTF-8"?>
<testsuite name="PokeAPITest" tests="2" skipped="0" failures="0" errors="0" timestamp="2021-10-02T10:53:23" hostname="MT-NAP0007" time="0.77">
  <properties/>
  <testcase name="GIVEN httpClient returns an exception WHEN get pokemon list THEN let exception be thrown" classname="PokeAPITest" time="0.714"/>
  <testcase name="GIVEN httpClient working WHEN get pokemon list THEN return list of pokemon" classname="PokeAPITest" time="0.056"/>
  <system-out><![CDATA[]]></system-out>
  <system-err><![CDATA[]]></system-err>
</testsuite>
